<?xml version="1.0" encoding="UTF-8"?>
<!-- Generated by org.testng.reporters.JUnitXMLReporter -->
<testsuite hostname="VDI-VS13-66" name="Default test" tests="9" failures="0" timestamp="21 Dec 2017 16:40:50 GMT" time="45.22" errors="0">
  <testcase name="view_original" time="10.427" classname="qa.automation.api.last.REQUEST"/>
  <testcase name="POST_REQ" time="2.725" classname="qa.automation.api.last.REQUEST"/>
  <testcase name="view_post_changes" time="8.011" classname="qa.automation.api.last.REQUEST"/>
  <testcase name="PUT_REQ" time="0.145" classname="qa.automation.api.last.REQUEST"/>
  <testcase name="view_putt_changes" time="7.884" classname="qa.automation.api.last.REQUEST"/>
  <testcase name="PATCH_REQ" time="0.135" classname="qa.automation.api.last.REQUEST"/>
  <testcase name="view_patch_changes" time="7.925" classname="qa.automation.api.last.REQUEST"/>
  <testcase name="DELETE_REQ" time="0.076" classname="qa.automation.api.last.REQUEST"/>
  <testcase name="view_delete_changes" time="7.808" classname="qa.automation.api.last.REQUEST"/>
</testsuite> <!-- Default test -->
