<?xml version="1.0" encoding="UTF-8"?>
<!-- Generated by org.testng.reporters.JUnitXMLReporter -->
<testsuite hostname="VDI-VS13-66" name="Test" tests="9" failures="0" timestamp="21 Dec 2017 17:40:46 GMT" time="45.241" errors="0">
  <testcase name="view_original" time="10.719" classname="qa.automation.api.last.REQUEST"/>
  <testcase name="POST_REQ" time="2.016" classname="qa.automation.api.last.REQUEST"/>
  <testcase name="view_post_changes" time="7.976" classname="qa.automation.api.last.REQUEST"/>
  <testcase name="PUT_REQ" time="0.169" classname="qa.automation.api.last.REQUEST"/>
  <testcase name="view_putt_changes" time="7.796" classname="qa.automation.api.last.REQUEST"/>
  <testcase name="PATCH_REQ" time="0.049" classname="qa.automation.api.last.REQUEST"/>
  <testcase name="view_patch_changes" time="7.911" classname="qa.automation.api.last.REQUEST"/>
  <testcase name="DELETE_REQ" time="0.05" classname="qa.automation.api.last.REQUEST"/>
  <testcase name="view_delete_changes" time="8.461" classname="qa.automation.api.last.REQUEST"/>
</testsuite> <!-- Test -->
